<?xml version="1.0" encoding="UTF-8"?>
<coverage generated="1523007280">
  <project timestamp="1523007280">
    <package name="Tardigrades\DependencyInjection">
      <file name="/Users/Dion/www/sexy-field/sexy-field-doctrine/src/DependencyInjection/SectionFieldDoctrineExtension.php">
        <class name="SectionFieldDoctrineExtension" namespace="Tardigrades\DependencyInjection">
          <metrics complexity="1" methods="1" coveredmethods="0" conditionals="0" coveredconditionals="0" statements="6" coveredstatements="0" elements="7" coveredelements="0"/>
        </class>
        <line num="23" type="method" name="load" visibility="public" complexity="1" crap="2" count="0"/>
        <line num="25" type="stmt" count="0"/>
        <line num="26" type="stmt" count="0"/>
        <line num="27" type="stmt" count="0"/>
        <line num="28" type="stmt" count="0"/>
        <line num="32" type="stmt" count="0"/>
        <line num="33" type="stmt" count="0"/>
        <metrics loc="34" ncloc="26" classes="1" methods="1" coveredmethods="0" conditionals="0" coveredconditionals="0" statements="6" coveredstatements="0" elements="7" coveredelements="0"/>
      </file>
    </package>
    <package name="Tardigrades\FieldType\Generator">
      <file name="/Users/Dion/www/sexy-field/sexy-field-doctrine/src/FieldType/Generator/DoctrineFieldGenerator.php">
        <class name="DoctrineFieldGenerator" namespace="Tardigrades\FieldType\Generator">
          <metrics complexity="1" methods="1" coveredmethods="1" conditionals="0" coveredconditionals="0" statements="8" coveredstatements="8" elements="9" coveredelements="9"/>
        </class>
        <line num="23" type="method" name="generate" visibility="public" complexity="1" crap="1" count="1"/>
        <line num="25" type="stmt" count="1"/>
        <line num="26" type="stmt" count="1"/>
        <line num="27" type="stmt" count="1"/>
        <line num="30" type="stmt" count="1"/>
        <line num="31" type="stmt" count="1"/>
        <line num="32" type="stmt" count="1"/>
        <line num="33" type="stmt" count="1"/>
        <line num="36" type="stmt" count="1"/>
        <metrics loc="38" ncloc="30" classes="1" methods="1" coveredmethods="1" conditionals="0" coveredconditionals="0" statements="8" coveredstatements="8" elements="9" coveredelements="9"/>
      </file>
    </package>
    <package name="Tardigrades\FieldType\Relationship\Generator">
      <file name="/Users/Dion/www/sexy-field/sexy-field-doctrine/src/FieldType/Relationship/Generator/DoctrineManyToManyGenerator.php">
        <class name="DoctrineManyToManyGenerator" namespace="Tardigrades\FieldType\Relationship\Generator">
          <metrics complexity="4" methods="1" coveredmethods="1" conditionals="0" coveredconditionals="0" statements="26" coveredstatements="26" elements="27" coveredelements="27"/>
        </class>
        <line num="31" type="method" name="generate" visibility="public" complexity="4" crap="4" count="4"/>
        <line num="33" type="stmt" count="4"/>
        <line num="36" type="stmt" count="4"/>
        <line num="39" type="stmt" count="4"/>
        <line num="41" type="stmt" count="4"/>
        <line num="42" type="stmt" count="3"/>
        <line num="44" type="stmt" count="3"/>
        <line num="47" type="stmt" count="3"/>
        <line num="49" type="stmt" count="3"/>
        <line num="50" type="stmt" count="3"/>
        <line num="52" type="stmt" count="3"/>
        <line num="53" type="stmt" count="3"/>
        <line num="54" type="stmt" count="3"/>
        <line num="56" type="stmt" count="3"/>
        <line num="57" type="stmt" count="3"/>
        <line num="58" type="stmt" count="3"/>
        <line num="59" type="stmt" count="3"/>
        <line num="60" type="stmt" count="3"/>
        <line num="62" type="stmt" count="3"/>
        <line num="63" type="stmt" count="3"/>
        <line num="64" type="stmt" count="3"/>
        <line num="65" type="stmt" count="3"/>
        <line num="66" type="stmt" count="3"/>
        <line num="67" type="stmt" count="3"/>
        <line num="69" type="stmt" count="3"/>
        <line num="70" type="stmt" count="3"/>
        <line num="76" type="stmt" count="1"/>
        <metrics loc="78" ncloc="66" classes="1" methods="1" coveredmethods="1" conditionals="0" coveredconditionals="0" statements="26" coveredstatements="26" elements="27" coveredelements="27"/>
      </file>
      <file name="/Users/Dion/www/sexy-field/sexy-field-doctrine/src/FieldType/Relationship/Generator/DoctrineManyToOneGenerator.php">
        <class name="DoctrineManyToOneGenerator" namespace="Tardigrades\FieldType\Relationship\Generator">
          <metrics complexity="4" methods="1" coveredmethods="1" conditionals="0" coveredconditionals="0" statements="18" coveredstatements="18" elements="19" coveredelements="19"/>
        </class>
        <line num="31" type="method" name="generate" visibility="public" complexity="4" crap="4" count="3"/>
        <line num="33" type="stmt" count="3"/>
        <line num="36" type="stmt" count="3"/>
        <line num="39" type="stmt" count="3"/>
        <line num="41" type="stmt" count="3"/>
        <line num="42" type="stmt" count="2"/>
        <line num="43" type="stmt" count="2"/>
        <line num="46" type="stmt" count="2"/>
        <line num="47" type="stmt" count="2"/>
        <line num="49" type="stmt" count="2"/>
        <line num="50" type="stmt" count="2"/>
        <line num="52" type="stmt" count="2"/>
        <line num="53" type="stmt" count="2"/>
        <line num="54" type="stmt" count="2"/>
        <line num="56" type="stmt" count="2"/>
        <line num="57" type="stmt" count="2"/>
        <line num="58" type="stmt" count="2"/>
        <line num="59" type="stmt" count="2"/>
        <line num="65" type="stmt" count="1"/>
        <metrics loc="67" ncloc="56" classes="1" methods="1" coveredmethods="1" conditionals="0" coveredconditionals="0" statements="18" coveredstatements="18" elements="19" coveredelements="19"/>
      </file>
      <file name="/Users/Dion/www/sexy-field/sexy-field-doctrine/src/FieldType/Relationship/Generator/DoctrineOneToManyGenerator.php">
        <class name="DoctrineOneToManyGenerator" namespace="Tardigrades\FieldType\Relationship\Generator">
          <metrics complexity="4" methods="1" coveredmethods="1" conditionals="0" coveredconditionals="0" statements="19" coveredstatements="19" elements="20" coveredelements="20"/>
        </class>
        <line num="31" type="method" name="generate" visibility="public" complexity="4" crap="4" count="3"/>
        <line num="33" type="stmt" count="3"/>
        <line num="36" type="stmt" count="3"/>
        <line num="39" type="stmt" count="3"/>
        <line num="41" type="stmt" count="3"/>
        <line num="42" type="stmt" count="2"/>
        <line num="43" type="stmt" count="2"/>
        <line num="46" type="stmt" count="2"/>
        <line num="47" type="stmt" count="2"/>
        <line num="49" type="stmt" count="2"/>
        <line num="50" type="stmt" count="2"/>
        <line num="52" type="stmt" count="2"/>
        <line num="53" type="stmt" count="2"/>
        <line num="54" type="stmt" count="2"/>
        <line num="56" type="stmt" count="2"/>
        <line num="57" type="stmt" count="2"/>
        <line num="58" type="stmt" count="2"/>
        <line num="59" type="stmt" count="2"/>
        <line num="60" type="stmt" count="2"/>
        <line num="66" type="stmt" count="1"/>
        <metrics loc="68" ncloc="55" classes="1" methods="1" coveredmethods="1" conditionals="0" coveredconditionals="0" statements="19" coveredstatements="19" elements="20" coveredelements="20"/>
      </file>
      <file name="/Users/Dion/www/sexy-field/sexy-field-doctrine/src/FieldType/Relationship/Generator/DoctrineOneToOneGenerator.php">
        <class name="DoctrineOneToOneGenerator" namespace="Tardigrades\FieldType\Relationship\Generator" fullPackage="Tardigrades" package="Tardigrades">
          <metrics complexity="4" methods="1" coveredmethods="1" conditionals="0" coveredconditionals="0" statements="19" coveredstatements="19" elements="20" coveredelements="20"/>
        </class>
        <line num="36" type="method" name="generate" visibility="public" complexity="4" crap="4" count="4"/>
        <line num="38" type="stmt" count="4"/>
        <line num="41" type="stmt" count="4"/>
        <line num="44" type="stmt" count="4"/>
        <line num="46" type="stmt" count="4"/>
        <line num="49" type="stmt" count="3"/>
        <line num="52" type="stmt" count="3"/>
        <line num="53" type="stmt" count="3"/>
        <line num="55" type="stmt" count="3"/>
        <line num="56" type="stmt" count="3"/>
        <line num="58" type="stmt" count="3"/>
        <line num="59" type="stmt" count="3"/>
        <line num="60" type="stmt" count="3"/>
        <line num="62" type="stmt" count="3"/>
        <line num="63" type="stmt" count="3"/>
        <line num="64" type="stmt" count="3"/>
        <line num="65" type="stmt" count="3"/>
        <line num="66" type="stmt" count="3"/>
        <line num="67" type="stmt" count="3"/>
        <line num="73" type="stmt" count="1"/>
        <metrics loc="75" ncloc="58" classes="1" methods="1" coveredmethods="1" conditionals="0" coveredconditionals="0" statements="19" coveredstatements="19" elements="20" coveredelements="20"/>
      </file>
    </package>
    <package name="Tardigrades\SectionField\Generator">
      <file name="/Users/Dion/www/sexy-field/sexy-field-doctrine/src/SectionField/Generator/DoctrineConfigGenerator.php">
        <class name="DoctrineConfigGenerator" namespace="Tardigrades\SectionField\Generator">
          <metrics complexity="18" methods="5" coveredmethods="4" conditionals="0" coveredconditionals="0" statements="60" coveredstatements="56" elements="65" coveredelements="60"/>
        </class>
        <line num="38" type="method" name="generateBySection" visibility="public" complexity="1" crap="1" count="3"/>
        <line num="42" type="stmt" count="3"/>
        <line num="43" type="stmt" count="3"/>
        <line num="45" type="stmt" count="3"/>
        <line num="47" type="stmt" count="3"/>
        <line num="49" type="stmt" count="3"/>
        <line num="51" type="stmt" count="3"/>
        <line num="52" type="stmt" count="3"/>
        <line num="53" type="stmt" count="3"/>
        <line num="54" type="stmt" count="3"/>
        <line num="58" type="method" name="generateElements" visibility="private" complexity="11" crap="11.35" count="3"/>
        <line num="61" type="stmt" count="3"/>
        <line num="65" type="stmt" count="3"/>
        <line num="66" type="stmt" count="0"/>
        <line num="67" type="stmt" count="0"/>
        <line num="68" type="stmt" count="0"/>
        <line num="70" type="stmt" count="3"/>
        <line num="72" type="stmt" count="3"/>
        <line num="78" type="stmt" count="3"/>
        <line num="79" type="stmt" count="3"/>
        <line num="80" type="stmt" count="1"/>
        <line num="83" type="stmt" count="3"/>
        <line num="84" type="stmt" count="2"/>
        <line num="86" type="stmt" count="1"/>
        <line num="87" type="stmt" count="1"/>
        <line num="89" type="stmt" count="2"/>
        <line num="91" type="stmt" count="2"/>
        <line num="92" type="stmt" count="2"/>
        <line num="94" type="stmt" count="2"/>
        <line num="95" type="stmt" count="2"/>
        <line num="97" type="stmt" count="2"/>
        <line num="98" type="stmt" count="2"/>
        <line num="101" type="stmt" count="2"/>
        <line num="102" type="stmt" count="0"/>
        <line num="103" type="stmt" count="2"/>
        <line num="105" type="stmt" count="1"/>
        <line num="106" type="stmt" count="1"/>
        <line num="107" type="stmt" count="3"/>
        <line num="112" type="stmt" count="3"/>
        <line num="114" type="method" name="initializeTemplates" visibility="private" complexity="1" crap="1" count="3"/>
        <line num="116" type="stmt" count="3"/>
        <line num="123" type="stmt" count="3"/>
        <line num="125" type="method" name="combine" visibility="private" complexity="2" crap="2" count="3"/>
        <line num="127" type="stmt" count="3"/>
        <line num="128" type="stmt" count="3"/>
        <line num="129" type="stmt" count="1"/>
        <line num="131" type="stmt" count="3"/>
        <line num="134" type="method" name="generateXml" visibility="private" complexity="3" crap="3" count="3"/>
        <line num="136" type="stmt" count="3"/>
        <line num="138" type="stmt" count="3"/>
        <line num="139" type="stmt" count="3"/>
        <line num="140" type="stmt" count="3"/>
        <line num="141" type="stmt" count="3"/>
        <line num="142" type="stmt" count="3"/>
        <line num="146" type="stmt" count="3"/>
        <line num="147" type="stmt" count="3"/>
        <line num="148" type="stmt" count="3"/>
        <line num="149" type="stmt" count="3"/>
        <line num="152" type="stmt" count="3"/>
        <line num="153" type="stmt" count="3"/>
        <line num="155" type="stmt" count="3"/>
        <line num="156" type="stmt" count="3"/>
        <line num="157" type="stmt" count="3"/>
        <line num="158" type="stmt" count="3"/>
        <line num="161" type="stmt" count="3"/>
        <metrics loc="163" ncloc="145" classes="1" methods="5" coveredmethods="4" conditionals="0" coveredconditionals="0" statements="60" coveredstatements="56" elements="65" coveredelements="60"/>
      </file>
    </package>
    <package name="Tardigrades\SectionField\Service">
      <file name="/Users/Dion/www/sexy-field/sexy-field-doctrine/src/SectionField/Service/DoctrineSectionCreator.php">
        <class name="DoctrineSectionCreator" namespace="Tardigrades\SectionField\Service">
          <metrics complexity="4" methods="4" coveredmethods="4" conditionals="0" coveredconditionals="0" statements="9" coveredstatements="9" elements="13" coveredelements="13"/>
        </class>
        <line num="24" type="method" name="__construct" visibility="public" complexity="1" crap="1" count="1"/>
        <line num="27" type="stmt" count="1"/>
        <line num="28" type="stmt" count="1"/>
        <line num="30" type="method" name="save" visibility="public" complexity="1" crap="1" count="1"/>
        <line num="32" type="stmt" count="1"/>
        <line num="33" type="stmt" count="1"/>
        <line num="34" type="stmt" count="1"/>
        <line num="36" type="method" name="persist" visibility="public" complexity="1" crap="1" count="1"/>
        <line num="38" type="stmt" count="1"/>
        <line num="39" type="stmt" count="1"/>
        <line num="41" type="method" name="flush" visibility="public" complexity="1" crap="1" count="1"/>
        <line num="43" type="stmt" count="1"/>
        <line num="44" type="stmt" count="1"/>
        <metrics loc="45" ncloc="36" classes="1" methods="4" coveredmethods="4" conditionals="0" coveredconditionals="0" statements="9" coveredstatements="9" elements="13" coveredelements="13"/>
      </file>
      <file name="/Users/Dion/www/sexy-field/sexy-field-doctrine/src/SectionField/Service/DoctrineSectionDeleter.php">
        <class name="DoctrineSectionDeleter" namespace="Tardigrades\SectionField\Service">
          <metrics complexity="3" methods="2" coveredmethods="2" conditionals="0" coveredconditionals="0" statements="7" coveredstatements="7" elements="9" coveredelements="9"/>
        </class>
        <line num="24" type="method" name="__construct" visibility="public" complexity="1" crap="1" count="1"/>
        <line num="27" type="stmt" count="1"/>
        <line num="28" type="stmt" count="1"/>
        <line num="30" type="method" name="delete" visibility="public" complexity="2" crap="2" count="2"/>
        <line num="33" type="stmt" count="2"/>
        <line num="34" type="stmt" count="1"/>
        <line num="35" type="stmt" count="1"/>
        <line num="36" type="stmt" count="1"/>
        <line num="38" type="stmt" count="1"/>
        <metrics loc="40" ncloc="31" classes="1" methods="2" coveredmethods="2" conditionals="0" coveredconditionals="0" statements="7" coveredstatements="7" elements="9" coveredelements="9"/>
      </file>
      <file name="/Users/Dion/www/sexy-field/sexy-field-doctrine/src/SectionField/Service/DoctrineSectionReader.php">
        <class name="DoctrineSectionReader" namespace="Tardigrades\SectionField\Service">
          <metrics complexity="25" methods="11" coveredmethods="11" conditionals="0" coveredconditionals="0" statements="65" coveredstatements="65" elements="76" coveredelements="76"/>
        </class>
        <line num="38" type="method" name="__construct" visibility="public" complexity="1" crap="1" count="1"/>
        <line num="41" type="stmt" count="1"/>
        <line num="42" type="stmt" count="1"/>
        <line num="44" type="method" name="read" visibility="public" complexity="2" crap="2" count="3"/>
        <line num="46" type="stmt" count="3"/>
        <line num="48" type="stmt" count="3"/>
        <line num="49" type="stmt" count="3"/>
        <line num="50" type="stmt" count="3"/>
        <line num="51" type="stmt" count="3"/>
        <line num="52" type="stmt" count="3"/>
        <line num="53" type="stmt" count="3"/>
        <line num="55" type="stmt" count="3"/>
        <line num="56" type="stmt" count="3"/>
        <line num="57" type="stmt" count="3"/>
        <line num="59" type="stmt" count="3"/>
        <line num="60" type="stmt" count="3"/>
        <line num="61" type="stmt" count="3"/>
        <line num="62" type="stmt" count="3"/>
        <line num="63" type="stmt" count="3"/>
        <line num="65" type="stmt" count="3"/>
        <line num="66" type="stmt" count="3"/>
        <line num="67" type="stmt" count="3"/>
        <line num="68" type="stmt" count="3"/>
        <line num="70" type="stmt" count="3"/>
        <line num="71" type="stmt" count="3"/>
        <line num="72" type="stmt" count="3"/>
        <line num="73" type="stmt" count="3"/>
        <line num="76" type="stmt" count="3"/>
        <line num="77" type="stmt" count="3"/>
        <line num="79" type="stmt" count="3"/>
        <line num="80" type="stmt" count="1"/>
        <line num="83" type="stmt" count="2"/>
        <line num="86" type="method" name="addSectionToQuery" visibility="private" complexity="1" crap="1" count="3"/>
        <line num="88" type="stmt" count="3"/>
        <line num="89" type="stmt" count="3"/>
        <line num="90" type="stmt" count="3"/>
        <line num="92" type="method" name="addIdToQuery" visibility="private" complexity="2" crap="2" count="3"/>
        <line num="94" type="stmt" count="3"/>
        <line num="95" type="stmt" count="1"/>
        <line num="96" type="stmt" count="1"/>
        <line num="98" type="stmt" count="3"/>
        <line num="100" type="method" name="addSlugToQuery" visibility="private" complexity="3" crap="3" count="3"/>
        <line num="105" type="stmt" count="3"/>
        <line num="106" type="stmt" count="1"/>
        <line num="107" type="stmt" count="1"/>
        <line num="109" type="stmt" count="3"/>
        <line num="111" type="method" name="addFieldToQuery" visibility="private" complexity="3" crap="3" count="3"/>
        <line num="115" type="stmt" count="3"/>
        <line num="116" type="stmt" count="1"/>
        <line num="117" type="stmt" count="1"/>
        <line num="118" type="stmt" count="1"/>
        <line num="121" type="stmt" count="3"/>
        <line num="123" type="method" name="addLimitToQuery" visibility="private" complexity="2" crap="2" count="3"/>
        <line num="125" type="stmt" count="3"/>
        <line num="126" type="stmt" count="1"/>
        <line num="128" type="stmt" count="3"/>
        <line num="130" type="method" name="addOffsetToQuery" visibility="private" complexity="2" crap="2" count="3"/>
        <line num="132" type="stmt" count="3"/>
        <line num="133" type="stmt" count="1"/>
        <line num="135" type="stmt" count="3"/>
        <line num="137" type="method" name="addOrderByToQuery" visibility="private" complexity="3" crap="3" count="3"/>
        <line num="139" type="stmt" count="3"/>
        <line num="140" type="stmt" count="1"/>
        <line num="141" type="stmt" count="1"/>
        <line num="142" type="stmt" count="1"/>
        <line num="145" type="stmt" count="3"/>
        <line num="147" type="method" name="addBeforeToQuery" visibility="private" complexity="3" crap="3" count="3"/>
        <line num="152" type="stmt" count="3"/>
        <line num="153" type="stmt" count="1"/>
        <line num="154" type="stmt" count="1"/>
        <line num="156" type="stmt" count="3"/>
        <line num="158" type="method" name="addAfterToQuery" visibility="private" complexity="3" crap="3" count="3"/>
        <line num="163" type="stmt" count="3"/>
        <line num="164" type="stmt" count="1"/>
        <line num="165" type="stmt" count="1"/>
        <line num="167" type="stmt" count="3"/>
        <metrics loc="168" ncloc="158" classes="1" methods="11" coveredmethods="11" conditionals="0" coveredconditionals="0" statements="65" coveredstatements="65" elements="76" coveredelements="76"/>
      </file>
    </package>
    <metrics files="10" loc="776" ncloc="661" classes="10" methods="28" coveredmethods="26" conditionals="0" coveredconditionals="0" statements="237" coveredstatements="227" elements="265" coveredelements="253"/>
  </project>
</coverage>
